[19:57:02] [Server thread/INFO]: Starting minecraft server version 1.8.3
[19:57:02] [Server thread/INFO]: Loading properties
[19:57:02] [Server thread/INFO]: Default game type: SURVIVAL
[19:57:02] [Server thread/INFO]: This server is running CraftBukkit version git-Spigot-870264a-0a645a2 (MC: 1.8.3) (Implementing API version 1.8.3-R0.1-SNAPSHOT)
[19:57:02] [Server thread/INFO]: Unable to find file banned-players.json, creating it.
[19:57:02] [Server thread/INFO]: Unable to find file banned-ips.json, creating it.
[19:57:02] [Server thread/INFO]: Unable to find file ops.json, creating it.
[19:57:02] [Server thread/INFO]: Unable to find file whitelist.json, creating it.
[19:57:02] [Server thread/INFO]: Debug logging is disabled
[19:57:02] [Server thread/INFO]: Server Ping Player Sample Count: 12
[19:57:02] [Server thread/INFO]: Using 4 threads for Netty based IO
[19:57:02] [Server thread/INFO]: Generating keypair
[19:57:02] [Server thread/INFO]: Starting Minecraft server on *:25565
[19:57:02] [Server thread/INFO]: Using default channel type
[19:57:02] [Server thread/INFO]: **** Beginning UUID conversion, this may take A LONG time ****
[19:57:02] [Server thread/INFO]: Preparing level "world"
[19:57:02] [Server thread/INFO]: -------- World Settings For [world] --------
[19:57:02] [Server thread/INFO]: Structure Info Saving: true
[19:57:02] [Server thread/INFO]: Sending up to 10 chunks per packet
[19:57:02] [Server thread/INFO]: Anti X-Ray: true
[19:57:02] [Server thread/INFO]: 	Engine Mode: 1
[19:57:02] [Server thread/INFO]: 	Hidden Blocks: [14, 15, 16, 21, 48, 49, 54, 56, 73, 74, 82, 129, 130]
[19:57:02] [Server thread/INFO]: 	Replace Blocks: [1, 5]
[19:57:02] [Server thread/INFO]: Mob Spawn Range: 4
[19:57:02] [Server thread/INFO]: Entity Activation Range: An 32 / Mo 32 / Mi 16
[19:57:02] [Server thread/INFO]: Hopper Transfer: 8 Hopper Check: 8 Hopper Amount: 1
[19:57:02] [Server thread/INFO]: Random Lighting Updates: false
[19:57:02] [Server thread/INFO]: Max TNT Explosions: 100
[19:57:02] [Server thread/INFO]: Nerfing mobs spawned from spawners: false
[19:57:02] [Server thread/INFO]: Cactus Growth Modifier: 100%
[19:57:02] [Server thread/INFO]: Cane Growth Modifier: 100%
[19:57:02] [Server thread/INFO]: Melon Growth Modifier: 100%
[19:57:02] [Server thread/INFO]: Mushroom Growth Modifier: 100%
[19:57:02] [Server thread/INFO]: Pumpkin Growth Modifier: 100%
[19:57:02] [Server thread/INFO]: Sapling Growth Modifier: 100%
[19:57:02] [Server thread/INFO]: Wheat Growth Modifier: 100%
[19:57:02] [Server thread/INFO]: Entity Tracking Range: Pl 48 / An 48 / Mo 48 / Mi 32 / Other 64
[19:57:02] [Server thread/INFO]: Item Despawn Rate: 6000
[19:57:02] [Server thread/INFO]: Item Merge Radius: 2.5
[19:57:02] [Server thread/INFO]: Arrow Despawn Rate: 1200
[19:57:02] [Server thread/INFO]: View Distance: 10
[19:57:02] [Server thread/INFO]: Tile Max Tick Time: 50ms Entity max Tick Time: 50ms
[19:57:02] [Server thread/INFO]: Max Entity Collisions: 8
[19:57:02] [Server thread/INFO]: Custom Map Seeds:  Village: 10387312 Feature: 14357617
[19:57:02] [Server thread/INFO]: Allow Zombie Pigmen to spawn from portal blocks: true
[19:57:02] [Server thread/INFO]: Zombie Aggressive Towards Villager: true
[19:57:02] [Server thread/INFO]: Experience Merge Radius: 3.0
[19:57:02] [Server thread/INFO]: Chunks to Grow per Tick: 650
[19:57:02] [Server thread/INFO]: Clear tick list: false
[19:57:03] [Server thread/INFO]: -------- World Settings For [world_nether] --------
[19:57:03] [Server thread/INFO]: Structure Info Saving: true
[19:57:03] [Server thread/INFO]: Sending up to 10 chunks per packet
[19:57:03] [Server thread/INFO]: Anti X-Ray: true
[19:57:03] [Server thread/INFO]: 	Engine Mode: 1
[19:57:03] [Server thread/INFO]: 	Hidden Blocks: [14, 15, 16, 21, 48, 49, 54, 56, 73, 74, 82, 129, 130]
[19:57:03] [Server thread/INFO]: 	Replace Blocks: [1, 5]
[19:57:03] [Server thread/INFO]: Mob Spawn Range: 4
[19:57:03] [Server thread/INFO]: Entity Activation Range: An 32 / Mo 32 / Mi 16
[19:57:03] [Server thread/INFO]: Hopper Transfer: 8 Hopper Check: 8 Hopper Amount: 1
[19:57:03] [Server thread/INFO]: Random Lighting Updates: false
[19:57:03] [Server thread/INFO]: Max TNT Explosions: 100
[19:57:03] [Server thread/INFO]: Nerfing mobs spawned from spawners: false
[19:57:03] [Server thread/INFO]: Cactus Growth Modifier: 100%
[19:57:03] [Server thread/INFO]: Cane Growth Modifier: 100%
[19:57:03] [Server thread/INFO]: Melon Growth Modifier: 100%
[19:57:03] [Server thread/INFO]: Mushroom Growth Modifier: 100%
[19:57:03] [Server thread/INFO]: Pumpkin Growth Modifier: 100%
[19:57:03] [Server thread/INFO]: Sapling Growth Modifier: 100%
[19:57:03] [Server thread/INFO]: Wheat Growth Modifier: 100%
[19:57:03] [Server thread/INFO]: Entity Tracking Range: Pl 48 / An 48 / Mo 48 / Mi 32 / Other 64
[19:57:03] [Server thread/INFO]: Item Despawn Rate: 6000
[19:57:03] [Server thread/INFO]: Item Merge Radius: 2.5
[19:57:03] [Server thread/INFO]: Arrow Despawn Rate: 1200
[19:57:03] [Server thread/INFO]: View Distance: 10
[19:57:03] [Server thread/INFO]: Tile Max Tick Time: 50ms Entity max Tick Time: 50ms
[19:57:03] [Server thread/INFO]: Max Entity Collisions: 8
[19:57:03] [Server thread/INFO]: Custom Map Seeds:  Village: 10387312 Feature: 14357617
[19:57:03] [Server thread/INFO]: Allow Zombie Pigmen to spawn from portal blocks: true
[19:57:03] [Server thread/INFO]: Zombie Aggressive Towards Villager: true
[19:57:03] [Server thread/INFO]: Experience Merge Radius: 3.0
[19:57:03] [Server thread/INFO]: Chunks to Grow per Tick: 650
[19:57:03] [Server thread/INFO]: Clear tick list: false
[19:57:03] [Server thread/INFO]: -------- World Settings For [world_the_end] --------
[19:57:03] [Server thread/INFO]: Structure Info Saving: true
[19:57:03] [Server thread/INFO]: Sending up to 10 chunks per packet
[19:57:03] [Server thread/INFO]: Anti X-Ray: true
[19:57:03] [Server thread/INFO]: 	Engine Mode: 1
[19:57:03] [Server thread/INFO]: 	Hidden Blocks: [14, 15, 16, 21, 48, 49, 54, 56, 73, 74, 82, 129, 130]
[19:57:03] [Server thread/INFO]: 	Replace Blocks: [1, 5]
[19:57:03] [Server thread/INFO]: Mob Spawn Range: 4
[19:57:03] [Server thread/INFO]: Entity Activation Range: An 32 / Mo 32 / Mi 16
[19:57:03] [Server thread/INFO]: Hopper Transfer: 8 Hopper Check: 8 Hopper Amount: 1
[19:57:03] [Server thread/INFO]: Random Lighting Updates: false
[19:57:03] [Server thread/INFO]: Max TNT Explosions: 100
[19:57:03] [Server thread/INFO]: Nerfing mobs spawned from spawners: false
[19:57:03] [Server thread/INFO]: Cactus Growth Modifier: 100%
[19:57:03] [Server thread/INFO]: Cane Growth Modifier: 100%
[19:57:03] [Server thread/INFO]: Melon Growth Modifier: 100%
[19:57:03] [Server thread/INFO]: Mushroom Growth Modifier: 100%
[19:57:03] [Server thread/INFO]: Pumpkin Growth Modifier: 100%
[19:57:03] [Server thread/INFO]: Sapling Growth Modifier: 100%
[19:57:03] [Server thread/INFO]: Wheat Growth Modifier: 100%
[19:57:03] [Server thread/INFO]: Entity Tracking Range: Pl 48 / An 48 / Mo 48 / Mi 32 / Other 64
[19:57:03] [Server thread/INFO]: Item Despawn Rate: 6000
[19:57:03] [Server thread/INFO]: Item Merge Radius: 2.5
[19:57:03] [Server thread/INFO]: Arrow Despawn Rate: 1200
[19:57:03] [Server thread/INFO]: View Distance: 10
[19:57:03] [Server thread/INFO]: Tile Max Tick Time: 50ms Entity max Tick Time: 50ms
[19:57:03] [Server thread/INFO]: Max Entity Collisions: 8
[19:57:03] [Server thread/INFO]: Custom Map Seeds:  Village: 10387312 Feature: 14357617
[19:57:03] [Server thread/INFO]: Allow Zombie Pigmen to spawn from portal blocks: true
[19:57:03] [Server thread/INFO]: Zombie Aggressive Towards Villager: true
[19:57:03] [Server thread/INFO]: Experience Merge Radius: 3.0
[19:57:03] [Server thread/INFO]: Chunks to Grow per Tick: 650
[19:57:03] [Server thread/INFO]: Clear tick list: false
[19:57:03] [Server thread/INFO]: Preparing start region for level 0 (Seed: -6389912690095330443)
[19:57:04] [Server thread/INFO]: Preparing spawn area: 12%
[19:57:05] [Server thread/INFO]: Preparing spawn area: 36%
[19:57:06] [Server thread/INFO]: Preparing spawn area: 57%
[19:57:07] [Server thread/INFO]: Preparing spawn area: 80%
[19:57:08] [Server thread/INFO]: Preparing start region for level 1 (Seed: -6389912690095330443)
[19:57:09] [Server thread/INFO]: Preparing spawn area: 38%
[19:57:10] [Server thread/INFO]: Preparing spawn area: 70%
[19:57:10] [Server thread/INFO]: Preparing start region for level 2 (Seed: -6389912690095330443)
[19:57:11] [Server thread/INFO]: Preparing spawn area: 73%
[19:57:12] [Server thread/INFO]: Done (9.306s)! For help, type "help" or "?"
[19:57:22] [Server thread/INFO]: Stopping the server
[19:57:22] [Server thread/INFO]: Stopping server
[19:57:22] [Server thread/INFO]: Saving players
[19:57:22] [Server thread/INFO]: Saving worlds
[19:57:22] [Server thread/INFO]: Saving chunks for level 'world'/Overworld
[19:57:23] [Server thread/INFO]: Saving chunks for level 'world_nether'/Nether
[19:57:24] [Server thread/INFO]: Saving chunks for level 'world_the_end'/The End
